[debug] [2021-08-01T18:31:10.166Z] ----------------------------------------------------------------------
[debug] [2021-08-01T18:31:10.168Z] Command:       C:\Program Files\nodejs\node.exe C:\Users\RS Laptop\AppData\Roaming\npm\node_modules\firebase-tools\lib\bin\firebase.js init
[debug] [2021-08-01T18:31:10.169Z] CLI Version:   9.16.0
[debug] [2021-08-01T18:31:10.169Z] Platform:      win32
[debug] [2021-08-01T18:31:10.169Z] Node Version:  v14.17.0
[debug] [2021-08-01T18:31:10.170Z] Time:          Sun Aug 01 2021 23:31:10 GMT+0500 (Pakistan Standard Time)
[debug] [2021-08-01T18:31:10.170Z] ----------------------------------------------------------------------
[debug] 
[debug] [2021-08-01T18:31:10.239Z] > command requires scopes: ["email","openid","https://www.googleapis.com/auth/cloudplatformprojects.readonly","https://www.googleapis.com/auth/firebase","https://www.googleapis.com/auth/cloud-platform"]
[debug] [2021-08-01T18:31:10.239Z] > authorizing via signed-in user (cocforth9@gmail.com)
[info] 
     ######## #### ########  ######## ########     ###     ######  ########
     ##        ##  ##     ## ##       ##     ##  ##   ##  ##       ##
     ######    ##  ########  ######   ########  #########  ######  ######
     ##        ##  ##    ##  ##       ##     ## ##     ##       ## ##
     ##       #### ##     ## ######## ########  ##     ##  ######  ########

You're about to initialize a Firebase project in this directory:

  C:\Users\RS Laptop

Before we get started, keep in mind:

  * You are initializing within an existing Firebase project directory

[info] 
=== Project Setup
[info] 
[info] First, let's associate this project directory with a Firebase project.
[info] You can create multiple project aliases by running firebase use --add, 
[info] but for now we'll just set up a default project.
[info] 
[info] i  .firebaserc already has a default project, using kingndqueengame. 
[debug] [2021-08-01T18:31:13.617Z] >>> [apiv2][query] GET https://firebase.googleapis.com/v1beta1/projects/kingndqueengame [none]
[debug] [2021-08-01T18:31:14.208Z] <<< [apiv2][status] GET https://firebase.googleapis.com/v1beta1/projects/kingndqueengame 403
[debug] [2021-08-01T18:31:14.208Z] <<< [apiv2][body] GET https://firebase.googleapis.com/v1beta1/projects/kingndqueengame {"error":{"code":403,"message":"The caller does not have permission","status":"PERMISSION_DENIED"}}
[debug] [2021-08-01T18:31:14.209Z] HTTP Error: 403, The caller does not have permission
[debug] [2021-08-01T18:31:14.940Z] FirebaseError: HTTP Error: 403, The caller does not have permission
    at module.exports (C:\Users\RS Laptop\AppData\Roaming\npm\node_modules\firebase-tools\lib\responseToError.js:38:12)
    at Client.doRequest (C:\Users\RS Laptop\AppData\Roaming\npm\node_modules\firebase-tools\lib\apiv2.js:238:23)
    at processTicksAndRejections (internal/process/task_queues.js:95:5)
    at async Client.request (C:\Users\RS Laptop\AppData\Roaming\npm\node_modules\firebase-tools\lib\apiv2.js:96:20)
    at async Object.getFirebaseProject (C:\Users\RS Laptop\AppData\Roaming\npm\node_modules\firebase-tools\lib\management\projects.js:290:21)
    at async Object.doSetup [as project] (C:\Users\RS Laptop\AppData\Roaming\npm\node_modules\firebase-tools\lib\init\features\project.js:77:27)
    at async init (C:\Users\RS Laptop\AppData\Roaming\npm\node_modules\firebase-tools\lib\init\index.js:19:9)
[error] 
[error] Error: Failed to get Firebase project kingndqueengame. Please make sure the project exists and your account has permission to access it.
[debug] [2021-08-01T18:34:09.860Z] ----------------------------------------------------------------------
[debug] [2021-08-01T18:34:09.863Z] Command:       C:\Program Files\nodejs\node.exe C:\Users\RS Laptop\AppData\Roaming\npm\node_modules\firebase-tools\lib\bin\firebase.js init
[debug] [2021-08-01T18:34:09.863Z] CLI Version:   9.16.0
[debug] [2021-08-01T18:34:09.863Z] Platform:      win32
[debug] [2021-08-01T18:34:09.863Z] Node Version:  v14.17.0
[debug] [2021-08-01T18:34:09.864Z] Time:          Sun Aug 01 2021 23:34:09 GMT+0500 (Pakistan Standard Time)
[debug] [2021-08-01T18:34:09.864Z] ----------------------------------------------------------------------
[debug] 
[debug] [2021-08-01T18:34:09.937Z] > command requires scopes: ["email","openid","https://www.googleapis.com/auth/cloudplatformprojects.readonly","https://www.googleapis.com/auth/firebase","https://www.googleapis.com/auth/cloud-platform"]
[debug] [2021-08-01T18:34:09.937Z] > authorizing via signed-in user (cocforth9@gmail.com)
[info] 
     ######## #### ########  ######## ########     ###     ######  ########
     ##        ##  ##     ## ##       ##     ##  ##   ##  ##       ##
     ######    ##  ########  ######   ########  #########  ######  ######
     ##        ##  ##    ##  ##       ##     ## ##     ##       ## ##
     ##       #### ##     ## ######## ########  ##     ##  ######  ########

You're about to initialize a Firebase project in this directory:

  C:\Users\RS Laptop

Before we get started, keep in mind:

  * You are initializing within an existing Firebase project directory

[info] 
=== Project Setup
[info] 
[info] First, let's associate this project directory with a Firebase project.
[info] You can create multiple project aliases by running firebase use --add, 
[info] but for now we'll just set up a default project.
[info] 
[info] i  .firebaserc already has a default project, using kingndqueengame. 
[debug] [2021-08-01T18:34:19.124Z] >>> [apiv2][query] GET https://firebase.googleapis.com/v1beta1/projects/kingndqueengame [none]
[debug] [2021-08-01T18:34:20.080Z] <<< [apiv2][status] GET https://firebase.googleapis.com/v1beta1/projects/kingndqueengame 403
[debug] [2021-08-01T18:34:20.080Z] <<< [apiv2][body] GET https://firebase.googleapis.com/v1beta1/projects/kingndqueengame {"error":{"code":403,"message":"The caller does not have permission","status":"PERMISSION_DENIED"}}
[debug] [2021-08-01T18:34:20.080Z] HTTP Error: 403, The caller does not have permission
[debug] [2021-08-01T18:34:21.416Z] FirebaseError: HTTP Error: 403, The caller does not have permission
    at module.exports (C:\Users\RS Laptop\AppData\Roaming\npm\node_modules\firebase-tools\lib\responseToError.js:38:12)
    at Client.doRequest (C:\Users\RS Laptop\AppData\Roaming\npm\node_modules\firebase-tools\lib\apiv2.js:238:23)
    at processTicksAndRejections (internal/process/task_queues.js:95:5)
    at async Client.request (C:\Users\RS Laptop\AppData\Roaming\npm\node_modules\firebase-tools\lib\apiv2.js:96:20)
    at async Object.getFirebaseProject (C:\Users\RS Laptop\AppData\Roaming\npm\node_modules\firebase-tools\lib\management\projects.js:290:21)
    at async Object.doSetup [as project] (C:\Users\RS Laptop\AppData\Roaming\npm\node_modules\firebase-tools\lib\init\features\project.js:77:27)
    at async init (C:\Users\RS Laptop\AppData\Roaming\npm\node_modules\firebase-tools\lib\init\index.js:19:9)
[error] 
[error] Error: Failed to get Firebase project kingndqueengame. Please make sure the project exists and your account has permission to access it.
[debug] [2021-08-03T12:55:12.629Z] ----------------------------------------------------------------------
[debug] [2021-08-03T12:55:12.633Z] Command:       C:\Program Files\nodejs\node.exe C:\Users\RS Laptop\AppData\Roaming\npm\node_modules\firebase-tools\lib\bin\firebase.js init
[debug] [2021-08-03T12:55:12.633Z] CLI Version:   9.16.0
[debug] [2021-08-03T12:55:12.633Z] Platform:      win32
[debug] [2021-08-03T12:55:12.634Z] Node Version:  v14.17.0
[debug] [2021-08-03T12:55:12.648Z] Time:          Tue Aug 03 2021 17:55:12 GMT+0500 (Pakistan Standard Time)
[debug] [2021-08-03T12:55:12.648Z] ----------------------------------------------------------------------
[debug] 
[debug] [2021-08-03T12:55:12.651Z] >>> [apiv2][query] GET https://firebase-public.firebaseio.com/cli.json [none]
[debug] [2021-08-03T12:55:12.744Z] > command requires scopes: ["email","openid","https://www.googleapis.com/auth/cloudplatformprojects.readonly","https://www.googleapis.com/auth/firebase","https://www.googleapis.com/auth/cloud-platform"]
[debug] [2021-08-03T12:55:12.744Z] > authorizing via signed-in user (cocforth9@gmail.com)
[info] 
     ######## #### ########  ######## ########     ###     ######  ########
     ##        ##  ##     ## ##       ##     ##  ##   ##  ##       ##
     ######    ##  ########  ######   ########  #########  ######  ######
     ##        ##  ##    ##  ##       ##     ## ##     ##       ## ##
     ##       #### ##     ## ######## ########  ##     ##  ######  ########

You're about to initialize a Firebase project in this directory:

  C:\Users\RS Laptop

Before we get started, keep in mind:

  * You are initializing within an existing Firebase project directory

[debug] [2021-08-03T12:55:13.584Z] <<< [apiv2][status] GET https://firebase-public.firebaseio.com/cli.json 200
[debug] [2021-08-03T12:55:13.585Z] <<< [apiv2][body] GET https://firebase-public.firebaseio.com/cli.json {"cloudBuildErrorAfter":1594252800000,"cloudBuildWarnAfter":1590019200000,"defaultNode10After":1594252800000,"minVersion":"3.0.5","node8DeploysDisabledAfter":1613390400000,"node8RuntimeDisabledAfter":1615809600000,"node8WarnAfter":1600128000000}
[info] 
=== Project Setup
[info] 
[info] First, let's associate this project directory with a Firebase project.
[info] You can create multiple project aliases by running firebase use --add, 
[info] but for now we'll just set up a default project.
[info] 
[info] i  .firebaserc already has a default project, using kingndqueengame. 
[debug] [2021-08-03T12:55:17.060Z] > refreshing access token with scopes: []
[debug] [2021-08-03T12:55:17.061Z] >>> HTTP REQUEST POST https://www.googleapis.com/oauth2/v3/token  
 <request body omitted>
[debug] [2021-08-03T12:55:17.411Z] <<< HTTP RESPONSE 200 {"cache-control":"no-cache, no-store, max-age=0, must-revalidate","expires":"Mon, 01 Jan 1990 00:00:00 GMT","pragma":"no-cache","date":"Tue, 03 Aug 2021 12:55:16 GMT","content-type":"application/json; charset=utf-8","vary":"X-Origin, Referer, Origin,Accept-Encoding","server":"scaffolding on HTTPServer2","x-xss-protection":"0","x-frame-options":"SAMEORIGIN","x-content-type-options":"nosniff","alt-svc":"h3=\":443\"; ma=2592000,h3-29=\":443\"; ma=2592000,h3-T051=\":443\"; ma=2592000,h3-Q050=\":443\"; ma=2592000,h3-Q046=\":443\"; ma=2592000,h3-Q043=\":443\"; ma=2592000,quic=\":443\"; ma=2592000; v=\"46,43\"","accept-ranges":"none","transfer-encoding":"chunked"}
[debug] [2021-08-03T12:55:17.435Z] >>> [apiv2][query] GET https://firebase.googleapis.com/v1beta1/projects/kingndqueengame [none]
[debug] [2021-08-03T12:55:17.976Z] <<< [apiv2][status] GET https://firebase.googleapis.com/v1beta1/projects/kingndqueengame 403
[debug] [2021-08-03T12:55:17.977Z] <<< [apiv2][body] GET https://firebase.googleapis.com/v1beta1/projects/kingndqueengame {"error":{"code":403,"message":"The caller does not have permission","status":"PERMISSION_DENIED"}}
[debug] [2021-08-03T12:55:17.978Z] HTTP Error: 403, The caller does not have permission
[debug] [2021-08-03T12:55:18.308Z] FirebaseError: HTTP Error: 403, The caller does not have permission
    at module.exports (C:\Users\RS Laptop\AppData\Roaming\npm\node_modules\firebase-tools\lib\responseToError.js:38:12)
    at Client.doRequest (C:\Users\RS Laptop\AppData\Roaming\npm\node_modules\firebase-tools\lib\apiv2.js:238:23)
    at processTicksAndRejections (internal/process/task_queues.js:95:5)
    at async Client.request (C:\Users\RS Laptop\AppData\Roaming\npm\node_modules\firebase-tools\lib\apiv2.js:96:20)
    at async Object.getFirebaseProject (C:\Users\RS Laptop\AppData\Roaming\npm\node_modules\firebase-tools\lib\management\projects.js:290:21)
    at async Object.doSetup [as project] (C:\Users\RS Laptop\AppData\Roaming\npm\node_modules\firebase-tools\lib\init\features\project.js:77:27)
    at async init (C:\Users\RS Laptop\AppData\Roaming\npm\node_modules\firebase-tools\lib\init\index.js:19:9)
[error] 
[error] Error: Failed to get Firebase project kingndqueengame. Please make sure the project exists and your account has permission to access it.
